        Partitioning Information by Vertex
        ===============================

Generated: Mon Apr 22 19:32:17 2024 for target machine '10.11.205.65'

**** Vertex: 'pre'
Model: AbstractPopulationVertex
Pop size: 1
Machine Vertices: 
  Slice 0:0 (1 atoms) 

**** Vertex: 'post'
Model: AbstractPopulationVertex
Pop size: 1
Machine Vertices: 
  Slice 0:0 (1 atoms) 

**** Vertex: 'SpikeSourceArrayVertex_1'
Model: SpikeSourceArrayVertex
Pop size: 1
Machine Vertices: 
  Slice 0:0 (1 atoms) 

**** Vertex: 'SpikeSourceArrayVertex_2'
Model: SpikeSourceArrayVertex
Pop size: 1
Machine Vertices: 
  Slice 0:0 (1 atoms) 

